{"name": "User can filter by Announced", "status": "broken", "statusDetails": {"message": "selenium.common.exceptions.TimeoutException: Message: Element by ('css selector', '.off_plan') not visible\nStacktrace:\nRemoteError@chrome://remote/content/shared/RemoteError.sys.mjs:8:8\nWebDriverError@chrome://remote/content/shared/webdriver/Errors.sys.mjs:193:5\nNoSuchElementError@chrome://remote/content/shared/webdriver/Errors.sys.mjs:511:5\ndom.find/</<@chrome://remote/content/shared/DOM.sys.mjs:136:16\n\n", "trace": "  File \"/Users/asorokin/Desktop/selenium-internship/venv/lib/python3.11/site-packages/behave/model.py\", line 1329, in run\n    match.run(runner.context)\n  File \"/Users/asorokin/Desktop/selenium-internship/venv/lib/python3.11/site-packages/behave/matchers.py\", line 98, in run\n    self.func(context, *args, **kwargs)\n  File \"features/steps/side_menu_steps.py\", line 6, in click_off_plan_left_menu\n    context.app.side_menu.click_on_off_plan()\n  File \"/Users/asorokin/Desktop/selenium-internship/pages/side_menu.py\", line 14, in click_on_off_plan\n    self.wait_for_element_visible(*self.OFF_PLAN_TEXT)\n  File \"/Users/asorokin/Desktop/selenium-internship/pages/base_page.py\", line 60, in wait_for_element_visible\n    return self.wait.until(\n           ^^^^^^^^^^^^^^^^\n  File \"/Users/asorokin/Desktop/selenium-internship/venv/lib/python3.11/site-packages/selenium/webdriver/support/wait.py\", line 105, in until\n    raise TimeoutException(message, screen, stacktrace)\n"}, "steps": [{"name": "Given Open Main Page", "status": "passed", "start": 1737493924050, "stop": 1737493926928}, {"name": "Then Log in to the page with alexsorqa@gmail.com and alexsorqa", "status": "passed", "start": 1737493926929, "stop": 1737493936843}, {"name": "When Click on Off-Plan at side menu", "status": "broken", "statusDetails": {"message": "selenium.common.exceptions.TimeoutException: Message: Element by ('css selector', '.off_plan') not visible\nStacktrace:\nRemoteError@chrome://remote/content/shared/RemoteError.sys.mjs:8:8\nWebDriverError@chrome://remote/content/shared/webdriver/Errors.sys.mjs:193:5\nNoSuchElementError@chrome://remote/content/shared/webdriver/Errors.sys.mjs:511:5\ndom.find/</<@chrome://remote/content/shared/DOM.sys.mjs:136:16\n\n", "trace": "  File \"/Users/asorokin/Desktop/selenium-internship/venv/lib/python3.11/site-packages/behave/model.py\", line 1329, in run\n    match.run(runner.context)\n  File \"/Users/asorokin/Desktop/selenium-internship/venv/lib/python3.11/site-packages/behave/matchers.py\", line 98, in run\n    self.func(context, *args, **kwargs)\n  File \"features/steps/side_menu_steps.py\", line 6, in click_off_plan_left_menu\n    context.app.side_menu.click_on_off_plan()\n  File \"/Users/asorokin/Desktop/selenium-internship/pages/side_menu.py\", line 14, in click_on_off_plan\n    self.wait_for_element_visible(*self.OFF_PLAN_TEXT)\n  File \"/Users/asorokin/Desktop/selenium-internship/pages/base_page.py\", line 60, in wait_for_element_visible\n    return self.wait.until(\n           ^^^^^^^^^^^^^^^^\n  File \"/Users/asorokin/Desktop/selenium-internship/venv/lib/python3.11/site-packages/selenium/webdriver/support/wait.py\", line 105, in until\n    raise TimeoutException(message, screen, stacktrace)\n"}, "start": 1737493936843, "stop": 1737493956939}, {"name": "Then Select Announced in Sales status menu", "status": "skipped", "start": 1737493957385, "stop": 1737493957385}, {"name": "And Verify each product contains Announced", "status": "skipped", "start": 1737493957385, "stop": 1737493957385}], "start": 1737493921049, "stop": 1737493957385, "uuid": "8e8f3813-fbc7-4036-b90a-4f9021d807d6", "historyId": "8ea10ae6b337f8a3157978d5658de9c2", "fullName": "Filter scenarios: User can filter by Announced", "labels": [{"name": "severity", "value": "normal"}, {"name": "feature", "value": "Filter scenarios"}, {"name": "framework", "value": "behave"}, {"name": "language", "value": "cpython3"}]}